<?xml version="1.0" encoding="UTF-8"?>
<!-- Generated by org.testng.reporters.JUnitReportReporter -->
<testsuite skipped="0" hostname="LAPTOP-S7N50F6N" name="MyOrangeTestNG.Alert" tests="1" failures="0" timestamp="05 Aug 2021 04:01:32 GMT" time="40.267" errors="0">
  <testcase name="alertHandling" time="40.267" classname="MyOrangeTestNG.Alert"/>
</testsuite> <!-- MyOrangeTestNG.Alert -->
