<?xml version="1.0" encoding="UTF-8"?>
<!-- Generated by org.testng.reporters.JUnitReportReporter -->
<testsuite skipped="0" hostname="LAPTOP-S7N50F6N" name="TravelTestNG.Proworkread1" tests="1" failures="0" timestamp="05 Sep 2021 08:16:54 GMT" time="4.246" errors="0">
  <testcase name="prowork1" time="4.246" classname="TravelTestNG.Proworkread1"/>
</testsuite> <!-- TravelTestNG.Proworkread1 -->
