<?xml version="1.0" encoding="UTF-8"?>
<!-- Generated by org.testng.reporters.JUnitReportReporter -->
<testsuite skipped="0" hostname="LAPTOP-S7N50F6N" name="Rocksapce.RockspaceTest" tests="1" failures="0" timestamp="24 Aug 2021 20:39:44 GMT" time="74.904" errors="0">
  <testcase name="gsearch" time="74.904" classname="Rocksapce.RockspaceTest"/>
</testsuite> <!-- Rocksapce.RockspaceTest -->
