<?xml version="1.0" encoding="UTF-8"?>
<!-- Generated by org.testng.reporters.JUnitReportReporter -->
<testsuite skipped="0" hostname="LAPTOP-S7N50F6N" name="LinkandParitalLink.LinktextTestNG" tests="1" failures="0" timestamp="08 Aug 2021 05:34:45 GMT" time="56.022" errors="0">
  <testcase name="instaSignUP" time="56.022" classname="LinkandParitalLink.LinktextTestNG"/>
</testsuite> <!-- LinkandParitalLink.LinktextTestNG -->
