<?xml version="1.0" encoding="UTF-8"?>
<!-- Generated by org.testng.reporters.JUnitReportReporter -->
<testsuite skipped="0" hostname="LAPTOP-S7N50F6N" name="MouseActions.MouseTestNG" tests="1" failures="0" timestamp="08 Aug 2021 09:57:45 GMT" time="23.051" errors="0">
  <testcase name="action" time="23.051" classname="MouseActions.MouseTestNG"/>
</testsuite> <!-- MouseActions.MouseTestNG -->
