<?xml version="1.0" encoding="UTF-8"?>
<!-- Generated by org.testng.reporters.JUnitReportReporter -->
<testsuite skipped="0" hostname="LAPTOP-S7N50F6N" name="MyOrangeTestNG.AlertHandling" tests="1" failures="0" timestamp="05 Aug 2021 04:08:09 GMT" time="46.447" errors="0">
  <testcase name="alertHandling" time="46.447" classname="MyOrangeTestNG.AlertHandling"/>
</testsuite> <!-- MyOrangeTestNG.AlertHandling -->
