<?xml version="1.0" encoding="UTF-8"?>
<!-- Generated by org.testng.reporters.JUnitReportReporter -->
<testsuite skipped="0" hostname="LAPTOP-S7N50F6N" name="TravelTestNG.PraWorkBook" tests="1" failures="0" timestamp="05 Sep 2021 07:49:22 GMT" time="3.826" errors="0">
  <testcase name="workBookSheet" time="3.826" classname="TravelTestNG.PraWorkBook"/>
</testsuite> <!-- TravelTestNG.PraWorkBook -->
