<?xml version="1.0" encoding="UTF-8"?>
<!-- Generated by org.testng.reporters.JUnitReportReporter -->
<testsuite skipped="0" hostname="LAPTOP-S7N50F6N" name="TravelTestNG.Workbook" tests="1" failures="0" timestamp="05 Sep 2021 10:05:09 GMT" time="5.006" errors="0">
  <testcase name="workBook" time="5.006" classname="TravelTestNG.Workbook"/>
</testsuite> <!-- TravelTestNG.Workbook -->
