<?xml version="1.0" encoding="UTF-8"?>
<!-- Generated by org.testng.reporters.JUnitReportReporter -->
<testsuite skipped="0" hostname="LAPTOP-S7N50F6N" name="MyOrangeTestNG.TestNGAdminTab" tests="1" failures="0" timestamp="01 Aug 2021 10:13:16 GMT" time="40.076" errors="0">
  <testcase name="credentialAdmin" time="40.076" classname="MyOrangeTestNG.TestNGAdminTab"/>
</testsuite> <!-- MyOrangeTestNG.TestNGAdminTab -->
