<?xml version="1.0" encoding="UTF-8"?>
<!-- Generated by org.testng.reporters.JUnitReportReporter -->
<testsuite skipped="0" hostname="LAPTOP-S7N50F6N" name="JDataProvider.DataProviderNG" tests="4" failures="0" timestamp="03 Sep 2021 16:03:03 GMT" time="349.262" errors="0">
  <testcase name="MailTest" time="61.436" classname="JDataProvider.DataProviderNG"/>
  <testcase name="MailTest" time="61.959" classname="JDataProvider.DataProviderNG"/>
  <testcase name="MailTest" time="115.071" classname="JDataProvider.DataProviderNG"/>
  <testcase name="MailTest" time="110.796" classname="JDataProvider.DataProviderNG"/>
</testsuite> <!-- JDataProvider.DataProviderNG -->
