<?xml version="1.0" encoding="UTF-8"?>
<!-- Generated by org.testng.reporters.JUnitReportReporter -->
<testsuite skipped="0" hostname="LAPTOP-S7N50F6N" name="FlipkartHomepage.Dataprovider" tests="3" failures="0" timestamp="17 Jul 2021 10:48:53 GMT" time="0.098" errors="0">
  <testcase name="Mailtest" time="0.010" classname="FlipkartHomepage.Dataprovider"/>
  <testcase name="Mailtest" time="0.010" classname="FlipkartHomepage.Dataprovider"/>
  <testcase name="Mailtest" time="0.078" classname="FlipkartHomepage.Dataprovider"/>
</testsuite> <!-- FlipkartHomepage.Dataprovider -->
