<?xml version="1.0" encoding="UTF-8"?>
<!-- Generated by org.testng.reporters.JUnitReportReporter -->
<testsuite skipped="0" hostname="LAPTOP-S7N50F6N" name="MouseActions.MouseRightClick" tests="1" failures="0" timestamp="09 Aug 2021 22:18:03 GMT" time="38.014" errors="0">
  <testcase name="mRC" time="38.014" classname="MouseActions.MouseRightClick"/>
</testsuite> <!-- MouseActions.MouseRightClick -->
