<?xml version="1.0" encoding="UTF-8"?>
<!-- Generated by org.testng.reporters.JUnitReportReporter -->
<testsuite skipped="0" hostname="LAPTOP-S7N50F6N" name="MyOrangeTestNG.MyInfoTestNG" tests="1" failures="0" timestamp="01 Aug 2021 16:14:16 GMT" time="51.211" errors="0">
  <testcase name="myInfo" time="51.211" classname="MyOrangeTestNG.MyInfoTestNG"/>
</testsuite> <!-- MyOrangeTestNG.MyInfoTestNG -->
