<?xml version="1.0" encoding="UTF-8"?>
<!-- Generated by org.testng.reporters.JUnitReportReporter -->
<testsuite skipped="0" hostname="LAPTOP-S7N50F6N" name="LinkedinTestNG.LinkedinTestTwo" tests="1" failures="0" timestamp="27 Jul 2021 02:15:18 GMT" time="116.536" errors="0">
  <testcase name="LinkedInLogIn" time="116.536" classname="LinkedinTestNG.LinkedinTestTwo"/>
</testsuite> <!-- LinkedinTestNG.LinkedinTestTwo -->
