<?xml version="1.0" encoding="UTF-8"?>
<!-- Generated by org.testng.reporters.JUnitReportReporter -->
<testsuite skipped="0" hostname="LAPTOP-S7N50F6N" name="MyOrangeTestNG.NewTestTestNG" tests="1" failures="0" timestamp="01 Aug 2021 16:49:35 GMT" time="21.809" errors="0">
  <testcase name="hrmLoginPanel" time="21.809" classname="MyOrangeTestNG.NewTestTestNG"/>
</testsuite> <!-- MyOrangeTestNG.NewTestTestNG -->
