<?xml version="1.0" encoding="UTF-8"?>
<!-- Generated by org.testng.reporters.JUnitReportReporter -->
<testsuite skipped="0" hostname="LAPTOP-S7N50F6N" name="AlertPopUp.Alert" tests="1" failures="0" timestamp="13 Aug 2021 19:06:08 GMT" time="38.657" errors="0">
  <testcase name="AlertNG" time="38.657" classname="AlertPopUp.Alert"/>
</testsuite> <!-- AlertPopUp.Alert -->
