<?xml version="1.0" encoding="UTF-8"?>
<!-- Generated by org.testng.reporters.JUnitReportReporter -->
<testsuite skipped="0" hostname="LAPTOP-S7N50F6N" name="MouseActions.MouseDoubleClick" tests="1" failures="0" timestamp="09 Aug 2021 22:28:29 GMT" time="23.622" errors="0">
  <testcase name="mRC" time="23.622" classname="MouseActions.MouseDoubleClick"/>
</testsuite> <!-- MouseActions.MouseDoubleClick -->
