<?xml version="1.0" encoding="UTF-8"?>
<!-- Generated by org.testng.reporters.JUnitReportReporter -->
<testsuite skipped="0" hostname="LAPTOP-S7N50F6N" name="MouseActions.mouseMG" tests="1" failures="0" timestamp="08 Aug 2021 09:52:13 GMT" time="43.214" errors="0">
  <testcase name="mouseOverMB" time="43.214" classname="MouseActions.mouseMG"/>
</testsuite> <!-- MouseActions.mouseMG -->
