<?xml version="1.0" encoding="UTF-8"?>
<!-- Generated by org.testng.reporters.JUnitReportReporter -->
<testsuite skipped="0" hostname="LAPTOP-S7N50F6N" name="TravelTestNG.Workbook1" tests="1" failures="0" timestamp="04 Sep 2021 15:20:54 GMT" time="1.826" errors="0">
  <testcase name="workBookSheet" time="1.826" classname="TravelTestNG.Workbook1"/>
</testsuite> <!-- TravelTestNG.Workbook1 -->
