<?xml version="1.0" encoding="UTF-8"?>
<!-- Generated by org.testng.reporters.JUnitReportReporter -->
<testsuite skipped="0" hostname="LAPTOP-S7N50F6N" name="TravelTestNG.WorkbookRead" tests="1" failures="0" timestamp="04 Sep 2021 16:06:48 GMT" time="4.383" errors="0">
  <testcase name="workBookRead" time="4.383" classname="TravelTestNG.WorkbookRead"/>
</testsuite> <!-- TravelTestNG.WorkbookRead -->
