<?xml version="1.0" encoding="UTF-8"?>
<!-- Generated by org.testng.reporters.JUnitReportReporter -->
<testsuite skipped="0" hostname="LAPTOP-S7N50F6N" name="LinkedinTestNG.LinkedinTest" tests="1" failures="0" timestamp="19 Jul 2021 05:47:06 GMT" time="30.623" errors="0">
  <testcase name="createLinkedInDriverInstant" time="30.623" classname="LinkedinTestNG.LinkedinTest"/>
</testsuite> <!-- LinkedinTestNG.LinkedinTest -->
