<?xml version="1.0" encoding="UTF-8"?>
<!-- Generated by org.testng.reporters.JUnitReportReporter -->
<testsuite skipped="0" hostname="LAPTOP-S7N50F6N" name="TravelTestNG.PraWorkRead" tests="1" failures="0" timestamp="05 Sep 2021 09:45:03 GMT" time="4.659" errors="0">
  <testcase name="praworkread" time="4.659" classname="TravelTestNG.PraWorkRead"/>
</testsuite> <!-- TravelTestNG.PraWorkRead -->
